<?xml version="1.0" encoding="UTF-8"?>
<!-- Generated by org.testng.reporters.JUnitXMLReporter -->
<testsuite hostname="MININT-UM25UFB" ignored="0" name="Dollar Days Test" tests="14" failures="1" timestamp="2020-10-04T01:46:40 EDT" time="393.57" errors="0">
  <testcase name="TC_01_validate_updatecart_in_shopping_cart_page" time="30.209" classname="com.dollardays.testcases.AddToCartPPETestcase">
    <failure type="org.openqa.selenium.WebDriverException" message="element click intercepted: Element &amp;lt;input type=&amp;quot;button&amp;quot; name=&amp;quot;ctl00$cphContent$btnUpdateCart&amp;quot; value=&amp;quot;Update Cart&amp;quot; onclick=&amp;quot;javascript:__doPostBack(&amp;apos;ctl00$cphContent$btnUpdateCart&amp;apos;,&amp;apos;&amp;apos;)&amp;quot; id=&amp;quot;ctl00_cphContent_btnUpdateCart&amp;quot; class=&amp;quot;btnClearCart_clear&amp;quot;&amp;gt; is not clickable at point (698, 483). Other element would receive the click: &amp;lt;input type=&amp;quot;button&amp;quot; class=&amp;quot;iagree btn&amp;quot; style=&amp;quot;cursor: pointer; background: #ff6000; color: white;&amp;quot; value=&amp;quot;Okay&amp;quot;&amp;gt;
  (Session info: headless chrome=85.0.4183.121)
  (Driver info: chromedriver=85.0.4183.87 (cd6713ebf92fa1cacc0f1a598df280093af0c5d7-refs/branch-heads/4183@{#1689}),platform=Windows NT 10.0.18362 x86_64) (WARNING: The server did not provide any stacktrace information)
Command duration or timeout: 1.10 seconds
Build info: version: &amp;apos;2.53.1&amp;apos;, revision: &amp;apos;a36b8b1cd5757287168e54b817830adce9b0158d&amp;apos;, time: &amp;apos;2016-06-30 19:26:09&amp;apos;
System info: host: &amp;apos;MININT-UM25UFB&amp;apos;, ip: &amp;apos;10.0.75.1&amp;apos;, os.name: &amp;apos;Windows 10&amp;apos;, os.arch: &amp;apos;amd64&amp;apos;, os.version: &amp;apos;10.0&amp;apos;, java.version: &amp;apos;1.8.0_261&amp;apos;
Driver info: org.openqa.selenium.chrome.ChromeDriver
Capabilities [{mobileEmulationEnabled=false, timeouts={implicit=0, pageLoad=300000, script=30000}, hasTouchScreen=false, platform=XP, acceptSslCerts=false, goog:chromeOptions={debuggerAddress=localhost:52821}, acceptInsecureCerts=false, webStorageEnabled=true, browserName=chrome, takesScreenshot=true, javascriptEnabled=true, setWindowRect=true, unexpectedAlertBehaviour=ignore, applicationCacheEnabled=false, rotatable=false, networkConnectionEnabled=false, chrome={chromedriverVersion=85.0.4183.87 (cd6713ebf92fa1cacc0f1a598df280093af0c5d7-refs/branch-heads/4183@{#1689}), userDataDir=C:\Users\Rajesh\AppData\Local\Temp\scoped_dir10780_172235019}, takesHeapSnapshot=true, pageLoadStrategy=normal, strictFileInteractability=false, databaseEnabled=false, handlesAlerts=true, version=85.0.4183.121, browserConnectionEnabled=false, proxy={}, nativeEvents=true, locationContextEnabled=true, cssSelectorsEnabled=true, webauthn:virtualAuthenticators=true}]
Session ID: 67636d770840dde1d682d95013a7135a">
      <![CDATA[org.openqa.selenium.WebDriverException: element click intercepted: Element <input type="button" name="ctl00$cphContent$btnUpdateCart" value="Update Cart" onclick="javascript:__doPostBack('ctl00$cphContent$btnUpdateCart','')" id="ctl00_cphContent_btnUpdateCart" class="btnClearCart_clear"> is not clickable at point (698, 483). Other element would receive the click: <input type="button" class="iagree btn" style="cursor: pointer; background: #ff6000; color: white;" value="Okay">
  (Session info: headless chrome=85.0.4183.121)
  (Driver info: chromedriver=85.0.4183.87 (cd6713ebf92fa1cacc0f1a598df280093af0c5d7-refs/branch-heads/4183@{#1689}),platform=Windows NT 10.0.18362 x86_64) (WARNING: The server did not provide any stacktrace information)
Command duration or timeout: 1.10 seconds
Build info: version: '2.53.1', revision: 'a36b8b1cd5757287168e54b817830adce9b0158d', time: '2016-06-30 19:26:09'
System info: host: 'MININT-UM25UFB', ip: '10.0.75.1', os.name: 'Windows 10', os.arch: 'amd64', os.version: '10.0', java.version: '1.8.0_261'
Driver info: org.openqa.selenium.chrome.ChromeDriver
Capabilities [{mobileEmulationEnabled=false, timeouts={implicit=0, pageLoad=300000, script=30000}, hasTouchScreen=false, platform=XP, acceptSslCerts=false, goog:chromeOptions={debuggerAddress=localhost:52821}, acceptInsecureCerts=false, webStorageEnabled=true, browserName=chrome, takesScreenshot=true, javascriptEnabled=true, setWindowRect=true, unexpectedAlertBehaviour=ignore, applicationCacheEnabled=false, rotatable=false, networkConnectionEnabled=false, chrome={chromedriverVersion=85.0.4183.87 (cd6713ebf92fa1cacc0f1a598df280093af0c5d7-refs/branch-heads/4183@{#1689}), userDataDir=C:\Users\Rajesh\AppData\Local\Temp\scoped_dir10780_172235019}, takesHeapSnapshot=true, pageLoadStrategy=normal, strictFileInteractability=false, databaseEnabled=false, handlesAlerts=true, version=85.0.4183.121, browserConnectionEnabled=false, proxy={}, nativeEvents=true, locationContextEnabled=true, cssSelectorsEnabled=true, webauthn:virtualAuthenticators=true}]
Session ID: 67636d770840dde1d682d95013a7135a
at org.openqa.selenium.remote.ErrorHandler.createThrowable(ErrorHandler.java:206)
at org.openqa.selenium.remote.ErrorHandler.throwIfResponseFailed(ErrorHandler.java:158)
at org.openqa.selenium.remote.RemoteWebDriver.execute(RemoteWebDriver.java:678)
at org.openqa.selenium.remote.RemoteWebElement.execute(RemoteWebElement.java:327)
at org.openqa.selenium.remote.RemoteWebElement.click(RemoteWebElement.java:85)
at org.openqa.selenium.support.pagefactory.internal.LocatingElementHandler.invoke(LocatingElementHandler.java:51)
at com.sun.proxy.$Proxy11.click(Unknown Source)
at com.dollardays.testcases.AddToCartPPETestcase.TC_01_validate_updatecart_in_shopping_cart_page(AddToCartPPETestcase.java:264)
at java.util.concurrent.ThreadPoolExecutor.runWorker(ThreadPoolExecutor.java:1149)
at java.util.concurrent.ThreadPoolExecutor$Worker.run(ThreadPoolExecutor.java:624)
at java.lang.Thread.run(Thread.java:748)
... Removed 20 stack frames]]>
    </failure>
  </testcase> <!-- TC_01_validate_updatecart_in_shopping_cart_page -->
  <testcase name="TC_02_validate_cart_by_adding_one_item_from_product_page" time="17.266" classname="com.dollardays.testcases.AddToCartPPETestcase"/>
  <testcase name="TC_03_validate_cart_add_one_item_through_add_to_cart_button_on_product_from_PPE_and_Mask_category" time="16.499" classname="com.dollardays.testcases.AddToCartPPETestcase"/>
  <testcase name="TC_04_validate_cart_by_adding_multiple_items_from_PPE_and_Mask_page_and_verify_shopping_cart" time="29.066" classname="com.dollardays.testcases.AddToCartPPETestcase"/>
  <testcase name="TC_05_validate_clear_items_from_the_cart_from_shopping_cart_page" time="11.14" classname="com.dollardays.testcases.AddToCartPPETestcase"/>
  <testcase name="TC_06_Validate_the_case_quantity_text_box_with_valid_data_in_the_shopping_cart_page" time="16.43" classname="com.dollardays.testcases.AddToCartPPETestcase"/>
  <testcase name="TC_07_Validate_the_case_quantity_text_box_with_zero_value_and_verify_the_shopping_cart_page" time="17.839" classname="com.dollardays.testcases.AddToCartPPETestcase"/>
  <testcase name="TC_08_Validate_the_case_quantity_text_box_with_invalid_data_in_the_shopping_cart_page" time="16.105" classname="com.dollardays.testcases.AddToCartPPETestcase"/>
  <testcase name="TC_09_Validate_the_case_quantity_text_box_with_boundary_value_in_the_shopping_cart_page" time="15.891" classname="com.dollardays.testcases.AddToCartPPETestcase"/>
  <testcase name="TC_10_Validate_the_cart_when_the_user_signoff_and_signin_with_valid_credentials" time="16.318" classname="com.dollardays.testcases.AddToCartPPETestcase"/>
  <testcase name="TC_11_validate_no_of_cases_textbox_with_valid_data" time="17.875" classname="com.dollardays.testcases.AddToCartPPETestcase"/>
  <testcase name="TC_12_Validate_the_number_of_case_text_box_in_the_product_page" time="10.102" classname="com.dollardays.testcases.AddToCartPPETestcase"/>
  <testcase name="TC_13_validate_no_of_cases_textbox_with_zero" time="25.459" classname="com.dollardays.testcases.AddToCartPPETestcase"/>
  <testcase name="TC_14_validate_no_of_cases_textbox_with_character" time="22.509" classname="com.dollardays.testcases.AddToCartPPETestcase"/>
</testsuite> <!-- Dollar Days Test -->
