<?xml version="1.0" encoding="UTF-8"?>
<testng-results skipped="0" failed="1" ignored="0" total="14" passed="13">
  <reporter-output>
  </reporter-output>
  <suite name="Parallel Class Runs" duration-ms="393570" started-at="2020-10-04T01:40:06 EDT" finished-at="2020-10-04T01:46:40 EDT">
    <groups>
    </groups>
    <test name="Dollar Days Test" duration-ms="393570" started-at="2020-10-04T01:40:06 EDT" finished-at="2020-10-04T01:46:40 EDT">
      <class name="com.dollardays.testcases.AddToCartPPETestcase">
        <test-method status="PASS" signature="beforeClass()[pri:0, instance:com.dollardays.testcases.AddToCartPPETestcase@4d339552]" name="beforeClass" is-config="true" duration-ms="15" started-at="2020-10-04T01:40:06 EDT" finished-at="2020-10-04T01:40:06 EDT">
          <reporter-output>
          </reporter-output>
        </test-method> <!-- beforeClass -->
        <test-method status="PASS" signature="setUpBrowser()[pri:0, instance:com.dollardays.testcases.AddToCartPPETestcase@4d339552]" name="setUpBrowser" is-config="true" duration-ms="11976" started-at="2020-10-04T01:40:07 EDT" finished-at="2020-10-04T01:40:19 EDT">
          <reporter-output>
          </reporter-output>
        </test-method> <!-- setUpBrowser -->
        <test-method status="FAIL" signature="TC_01_validate_updatecart_in_shopping_cart_page(java.util.Hashtable)[pri:0, instance:com.dollardays.testcases.AddToCartPPETestcase@4d339552]" name="TC_01_validate_updatecart_in_shopping_cart_page" duration-ms="30209" started-at="2020-10-04T01:40:19 EDT" data-provider="dd-dataprovider" finished-at="2020-10-04T01:40:49 EDT">
          <params>
            <param index="0">
              <value>
                <![CDATA[{TestCase=valid Login data, Password=c2FpYmFiYTE=, Runmode=Yes, SheetName=AddTOCartPPE, UserName=vidyancc@gmail.com, TCID=TC1}]]>
              </value>
            </param>
          </params>
          <exception class="org.openqa.selenium.WebDriverException">
            <message>
              <![CDATA[element click intercepted: Element <input type="button" name="ctl00$cphContent$btnUpdateCart" value="Update Cart" onclick="javascript:__doPostBack('ctl00$cphContent$btnUpdateCart','')" id="ctl00_cphContent_btnUpdateCart" class="btnClearCart_clear"> is not clickable at point (698, 483). Other element would receive the click: <input type="button" class="iagree btn" style="cursor: pointer; background: #ff6000; color: white;" value="Okay">
  (Session info: headless chrome=85.0.4183.121)
  (Driver info: chromedriver=85.0.4183.87 (cd6713ebf92fa1cacc0f1a598df280093af0c5d7-refs/branch-heads/4183@{#1689}),platform=Windows NT 10.0.18362 x86_64) (WARNING: The server did not provide any stacktrace information)
Command duration or timeout: 1.10 seconds
Build info: version: '2.53.1', revision: 'a36b8b1cd5757287168e54b817830adce9b0158d', time: '2016-06-30 19:26:09'
System info: host: 'MININT-UM25UFB', ip: '10.0.75.1', os.name: 'Windows 10', os.arch: 'amd64', os.version: '10.0', java.version: '1.8.0_261'
Driver info: org.openqa.selenium.chrome.ChromeDriver
Capabilities [{mobileEmulationEnabled=false, timeouts={implicit=0, pageLoad=300000, script=30000}, hasTouchScreen=false, platform=XP, acceptSslCerts=false, goog:chromeOptions={debuggerAddress=localhost:52821}, acceptInsecureCerts=false, webStorageEnabled=true, browserName=chrome, takesScreenshot=true, javascriptEnabled=true, setWindowRect=true, unexpectedAlertBehaviour=ignore, applicationCacheEnabled=false, rotatable=false, networkConnectionEnabled=false, chrome={chromedriverVersion=85.0.4183.87 (cd6713ebf92fa1cacc0f1a598df280093af0c5d7-refs/branch-heads/4183@{#1689}), userDataDir=C:\Users\Rajesh\AppData\Local\Temp\scoped_dir10780_172235019}, takesHeapSnapshot=true, pageLoadStrategy=normal, strictFileInteractability=false, databaseEnabled=false, handlesAlerts=true, version=85.0.4183.121, browserConnectionEnabled=false, proxy={}, nativeEvents=true, locationContextEnabled=true, cssSelectorsEnabled=true, webauthn:virtualAuthenticators=true}]
Session ID: 67636d770840dde1d682d95013a7135a]]>
            </message>
            <full-stacktrace>
              <![CDATA[org.openqa.selenium.WebDriverException: element click intercepted: Element <input type="button" name="ctl00$cphContent$btnUpdateCart" value="Update Cart" onclick="javascript:__doPostBack('ctl00$cphContent$btnUpdateCart','')" id="ctl00_cphContent_btnUpdateCart" class="btnClearCart_clear"> is not clickable at point (698, 483). Other element would receive the click: <input type="button" class="iagree btn" style="cursor: pointer; background: #ff6000; color: white;" value="Okay">
  (Session info: headless chrome=85.0.4183.121)
  (Driver info: chromedriver=85.0.4183.87 (cd6713ebf92fa1cacc0f1a598df280093af0c5d7-refs/branch-heads/4183@{#1689}),platform=Windows NT 10.0.18362 x86_64) (WARNING: The server did not provide any stacktrace information)
Command duration or timeout: 1.10 seconds
Build info: version: '2.53.1', revision: 'a36b8b1cd5757287168e54b817830adce9b0158d', time: '2016-06-30 19:26:09'
System info: host: 'MININT-UM25UFB', ip: '10.0.75.1', os.name: 'Windows 10', os.arch: 'amd64', os.version: '10.0', java.version: '1.8.0_261'
Driver info: org.openqa.selenium.chrome.ChromeDriver
Capabilities [{mobileEmulationEnabled=false, timeouts={implicit=0, pageLoad=300000, script=30000}, hasTouchScreen=false, platform=XP, acceptSslCerts=false, goog:chromeOptions={debuggerAddress=localhost:52821}, acceptInsecureCerts=false, webStorageEnabled=true, browserName=chrome, takesScreenshot=true, javascriptEnabled=true, setWindowRect=true, unexpectedAlertBehaviour=ignore, applicationCacheEnabled=false, rotatable=false, networkConnectionEnabled=false, chrome={chromedriverVersion=85.0.4183.87 (cd6713ebf92fa1cacc0f1a598df280093af0c5d7-refs/branch-heads/4183@{#1689}), userDataDir=C:\Users\Rajesh\AppData\Local\Temp\scoped_dir10780_172235019}, takesHeapSnapshot=true, pageLoadStrategy=normal, strictFileInteractability=false, databaseEnabled=false, handlesAlerts=true, version=85.0.4183.121, browserConnectionEnabled=false, proxy={}, nativeEvents=true, locationContextEnabled=true, cssSelectorsEnabled=true, webauthn:virtualAuthenticators=true}]
Session ID: 67636d770840dde1d682d95013a7135a
at sun.reflect.NativeConstructorAccessorImpl.newInstance0(Native Method)
at sun.reflect.NativeConstructorAccessorImpl.newInstance(NativeConstructorAccessorImpl.java:62)
at sun.reflect.DelegatingConstructorAccessorImpl.newInstance(DelegatingConstructorAccessorImpl.java:45)
at java.lang.reflect.Constructor.newInstance(Constructor.java:423)
at org.openqa.selenium.remote.ErrorHandler.createThrowable(ErrorHandler.java:206)
at org.openqa.selenium.remote.ErrorHandler.throwIfResponseFailed(ErrorHandler.java:158)
at org.openqa.selenium.remote.RemoteWebDriver.execute(RemoteWebDriver.java:678)
at org.openqa.selenium.remote.RemoteWebElement.execute(RemoteWebElement.java:327)
at org.openqa.selenium.remote.RemoteWebElement.click(RemoteWebElement.java:85)
at sun.reflect.NativeMethodAccessorImpl.invoke0(Native Method)
at sun.reflect.NativeMethodAccessorImpl.invoke(NativeMethodAccessorImpl.java:62)
at sun.reflect.DelegatingMethodAccessorImpl.invoke(DelegatingMethodAccessorImpl.java:43)
at java.lang.reflect.Method.invoke(Method.java:498)
at org.openqa.selenium.support.pagefactory.internal.LocatingElementHandler.invoke(LocatingElementHandler.java:51)
at com.sun.proxy.$Proxy11.click(Unknown Source)
at com.dollardays.testcases.AddToCartPPETestcase.TC_01_validate_updatecart_in_shopping_cart_page(AddToCartPPETestcase.java:264)
at sun.reflect.NativeMethodAccessorImpl.invoke0(Native Method)
at sun.reflect.NativeMethodAccessorImpl.invoke(NativeMethodAccessorImpl.java:62)
at sun.reflect.DelegatingMethodAccessorImpl.invoke(DelegatingMethodAccessorImpl.java:43)
at java.lang.reflect.Method.invoke(Method.java:498)
at org.testng.internal.MethodInvocationHelper.invokeMethod(MethodInvocationHelper.java:132)
at org.testng.internal.TestInvoker.invokeMethod(TestInvoker.java:599)
at org.testng.internal.TestInvoker.invokeTestMethod(TestInvoker.java:174)
at org.testng.internal.MethodRunner.runInSequence(MethodRunner.java:46)
at org.testng.internal.TestInvoker$MethodInvocationAgent.invoke(TestInvoker.java:822)
at org.testng.internal.TestInvoker.invokeTestMethods(TestInvoker.java:147)
at org.testng.internal.TestMethodWorker.invokeTestMethods(TestMethodWorker.java:146)
at org.testng.internal.TestMethodWorker.run(TestMethodWorker.java:128)
at java.util.concurrent.ThreadPoolExecutor.runWorker(ThreadPoolExecutor.java:1149)
at java.util.concurrent.ThreadPoolExecutor$Worker.run(ThreadPoolExecutor.java:624)
at java.lang.Thread.run(Thread.java:748)
]]>
            </full-stacktrace>
          </exception> <!-- org.openqa.selenium.WebDriverException -->
          <reporter-output>
          </reporter-output>
        </test-method> <!-- TC_01_validate_updatecart_in_shopping_cart_page -->
        <test-method status="PASS" signature="quit()[pri:0, instance:com.dollardays.testcases.AddToCartPPETestcase@4d339552]" name="quit" is-config="true" duration-ms="972" started-at="2020-10-04T01:40:49 EDT" finished-at="2020-10-04T01:40:50 EDT">
          <reporter-output>
          </reporter-output>
        </test-method> <!-- quit -->
        <test-method status="PASS" signature="setUpBrowser()[pri:0, instance:com.dollardays.testcases.AddToCartPPETestcase@4d339552]" name="setUpBrowser" is-config="true" duration-ms="8059" started-at="2020-10-04T01:40:50 EDT" finished-at="2020-10-04T01:40:58 EDT">
          <reporter-output>
          </reporter-output>
        </test-method> <!-- setUpBrowser -->
        <test-method status="PASS" signature="TC_02_validate_cart_by_adding_one_item_from_product_page(java.util.Hashtable)[pri:0, instance:com.dollardays.testcases.AddToCartPPETestcase@4d339552]" name="TC_02_validate_cart_by_adding_one_item_from_product_page" duration-ms="17266" started-at="2020-10-04T01:40:58 EDT" data-provider="dd-dataprovider" finished-at="2020-10-04T01:41:16 EDT">
          <params>
            <param index="0">
              <value>
                <![CDATA[{TestCase=valid Login data, Password=c2FpYmFiYTE=, Runmode=Yes, SheetName=AddToCartPPE, UserName=vidyancc@gmail.com, TCID=TC1}]]>
              </value>
            </param>
          </params>
          <reporter-output>
          </reporter-output>
        </test-method> <!-- TC_02_validate_cart_by_adding_one_item_from_product_page -->
        <test-method status="PASS" signature="quit()[pri:0, instance:com.dollardays.testcases.AddToCartPPETestcase@4d339552]" name="quit" is-config="true" duration-ms="792" started-at="2020-10-04T01:41:16 EDT" finished-at="2020-10-04T01:41:16 EDT">
          <reporter-output>
          </reporter-output>
        </test-method> <!-- quit -->
        <test-method status="PASS" signature="setUpBrowser()[pri:0, instance:com.dollardays.testcases.AddToCartPPETestcase@4d339552]" name="setUpBrowser" is-config="true" duration-ms="8237" started-at="2020-10-04T01:41:16 EDT" finished-at="2020-10-04T01:41:25 EDT">
          <reporter-output>
          </reporter-output>
        </test-method> <!-- setUpBrowser -->
        <test-method status="PASS" signature="TC_03_validate_cart_add_one_item_through_add_to_cart_button_on_product_from_PPE_and_Mask_category(java.util.Hashtable)[pri:0, instance:com.dollardays.testcases.AddToCartPPETestcase@4d339552]" name="TC_03_validate_cart_add_one_item_through_add_to_cart_button_on_product_from_PPE_and_Mask_category" duration-ms="16499" started-at="2020-10-04T01:41:25 EDT" data-provider="dd-dataprovider" finished-at="2020-10-04T01:41:41 EDT">
          <params>
            <param index="0">
              <value>
                <![CDATA[{TestCase=valid Login data, Password=c2FpYmFiYTE=, Runmode=Yes, SheetName=AddTOCartPPE, UserName=vidyancc@gmail.com, TCID=TC1}]]>
              </value>
            </param>
          </params>
          <reporter-output>
          </reporter-output>
        </test-method> <!-- TC_03_validate_cart_add_one_item_through_add_to_cart_button_on_product_from_PPE_and_Mask_category -->
        <test-method status="PASS" signature="quit()[pri:0, instance:com.dollardays.testcases.AddToCartPPETestcase@4d339552]" name="quit" is-config="true" duration-ms="784" started-at="2020-10-04T01:41:41 EDT" finished-at="2020-10-04T01:41:42 EDT">
          <reporter-output>
          </reporter-output>
        </test-method> <!-- quit -->
        <test-method status="PASS" signature="setUpBrowser()[pri:0, instance:com.dollardays.testcases.AddToCartPPETestcase@4d339552]" name="setUpBrowser" is-config="true" duration-ms="8082" started-at="2020-10-04T01:41:42 EDT" finished-at="2020-10-04T01:41:50 EDT">
          <reporter-output>
          </reporter-output>
        </test-method> <!-- setUpBrowser -->
        <test-method status="PASS" signature="TC_04_validate_cart_by_adding_multiple_items_from_PPE_and_Mask_page_and_verify_shopping_cart(java.util.Hashtable)[pri:0, instance:com.dollardays.testcases.AddToCartPPETestcase@4d339552]" name="TC_04_validate_cart_by_adding_multiple_items_from_PPE_and_Mask_page_and_verify_shopping_cart" duration-ms="29066" started-at="2020-10-04T01:41:50 EDT" data-provider="dd-dataprovider" finished-at="2020-10-04T01:42:19 EDT">
          <params>
            <param index="0">
              <value>
                <![CDATA[{TestCase=valid Login data, Password=c2FpYmFiYTE=, Runmode=Yes, SheetName=AddTOCartPPE, UserName=vidyancc@gmail.com, TCID=TC1}]]>
              </value>
            </param>
          </params>
          <reporter-output>
          </reporter-output>
        </test-method> <!-- TC_04_validate_cart_by_adding_multiple_items_from_PPE_and_Mask_page_and_verify_shopping_cart -->
        <test-method status="PASS" signature="quit()[pri:0, instance:com.dollardays.testcases.AddToCartPPETestcase@4d339552]" name="quit" is-config="true" duration-ms="752" started-at="2020-10-04T01:42:19 EDT" finished-at="2020-10-04T01:42:20 EDT">
          <reporter-output>
          </reporter-output>
        </test-method> <!-- quit -->
        <test-method status="PASS" signature="setUpBrowser()[pri:0, instance:com.dollardays.testcases.AddToCartPPETestcase@4d339552]" name="setUpBrowser" is-config="true" duration-ms="8291" started-at="2020-10-04T01:42:20 EDT" finished-at="2020-10-04T01:42:28 EDT">
          <reporter-output>
          </reporter-output>
        </test-method> <!-- setUpBrowser -->
        <test-method status="PASS" signature="TC_05_validate_clear_items_from_the_cart_from_shopping_cart_page(java.util.Hashtable)[pri:0, instance:com.dollardays.testcases.AddToCartPPETestcase@4d339552]" name="TC_05_validate_clear_items_from_the_cart_from_shopping_cart_page" duration-ms="11140" started-at="2020-10-04T01:42:28 EDT" data-provider="dd-dataprovider" finished-at="2020-10-04T01:42:39 EDT">
          <params>
            <param index="0">
              <value>
                <![CDATA[{TestCase=valid Login data, Password=c2FpYmFiYTE=, Runmode=Yes, SheetName=AddTOCartPPE, UserName=vidyancc@gmail.com, TCID=TC1}]]>
              </value>
            </param>
          </params>
          <reporter-output>
          </reporter-output>
        </test-method> <!-- TC_05_validate_clear_items_from_the_cart_from_shopping_cart_page -->
        <test-method status="PASS" signature="quit()[pri:0, instance:com.dollardays.testcases.AddToCartPPETestcase@4d339552]" name="quit" is-config="true" duration-ms="770" started-at="2020-10-04T01:42:39 EDT" finished-at="2020-10-04T01:42:40 EDT">
          <reporter-output>
          </reporter-output>
        </test-method> <!-- quit -->
        <test-method status="PASS" signature="setUpBrowser()[pri:0, instance:com.dollardays.testcases.AddToCartPPETestcase@4d339552]" name="setUpBrowser" is-config="true" duration-ms="8335" started-at="2020-10-04T01:42:40 EDT" finished-at="2020-10-04T01:42:48 EDT">
          <reporter-output>
          </reporter-output>
        </test-method> <!-- setUpBrowser -->
        <test-method status="PASS" signature="TC_06_Validate_the_case_quantity_text_box_with_valid_data_in_the_shopping_cart_page(java.util.Hashtable)[pri:0, instance:com.dollardays.testcases.AddToCartPPETestcase@4d339552]" name="TC_06_Validate_the_case_quantity_text_box_with_valid_data_in_the_shopping_cart_page" duration-ms="16430" started-at="2020-10-04T01:42:48 EDT" data-provider="dd-dataprovider" finished-at="2020-10-04T01:43:05 EDT">
          <params>
            <param index="0">
              <value>
                <![CDATA[{TestCase=valid Login data, Password=c2FpYmFiYTE=, Runmode=Yes, SheetName=AddTOCartPPE, UserName=vidyancc@gmail.com, TCID=TC1}]]>
              </value>
            </param>
          </params>
          <reporter-output>
          </reporter-output>
        </test-method> <!-- TC_06_Validate_the_case_quantity_text_box_with_valid_data_in_the_shopping_cart_page -->
        <test-method status="PASS" signature="quit()[pri:0, instance:com.dollardays.testcases.AddToCartPPETestcase@4d339552]" name="quit" is-config="true" duration-ms="751" started-at="2020-10-04T01:43:05 EDT" finished-at="2020-10-04T01:43:06 EDT">
          <reporter-output>
          </reporter-output>
        </test-method> <!-- quit -->
        <test-method status="PASS" signature="setUpBrowser()[pri:0, instance:com.dollardays.testcases.AddToCartPPETestcase@4d339552]" name="setUpBrowser" is-config="true" duration-ms="8372" started-at="2020-10-04T01:43:06 EDT" finished-at="2020-10-04T01:43:14 EDT">
          <reporter-output>
          </reporter-output>
        </test-method> <!-- setUpBrowser -->
        <test-method status="PASS" signature="TC_07_Validate_the_case_quantity_text_box_with_zero_value_and_verify_the_shopping_cart_page(java.util.Hashtable)[pri:0, instance:com.dollardays.testcases.AddToCartPPETestcase@4d339552]" name="TC_07_Validate_the_case_quantity_text_box_with_zero_value_and_verify_the_shopping_cart_page" duration-ms="17839" started-at="2020-10-04T01:43:14 EDT" data-provider="dd-dataprovider" finished-at="2020-10-04T01:43:32 EDT">
          <params>
            <param index="0">
              <value>
                <![CDATA[{TestCase=valid Login data, Password=c2FpYmFiYTE=, Runmode=Yes, SheetName=AddTOCartPPE, UserName=vidyancc@gmail.com, TCID=TC1}]]>
              </value>
            </param>
          </params>
          <reporter-output>
          </reporter-output>
        </test-method> <!-- TC_07_Validate_the_case_quantity_text_box_with_zero_value_and_verify_the_shopping_cart_page -->
        <test-method status="PASS" signature="quit()[pri:0, instance:com.dollardays.testcases.AddToCartPPETestcase@4d339552]" name="quit" is-config="true" duration-ms="799" started-at="2020-10-04T01:43:32 EDT" finished-at="2020-10-04T01:43:33 EDT">
          <reporter-output>
          </reporter-output>
        </test-method> <!-- quit -->
        <test-method status="PASS" signature="setUpBrowser()[pri:0, instance:com.dollardays.testcases.AddToCartPPETestcase@4d339552]" name="setUpBrowser" is-config="true" duration-ms="8404" started-at="2020-10-04T01:43:33 EDT" finished-at="2020-10-04T01:43:41 EDT">
          <reporter-output>
          </reporter-output>
        </test-method> <!-- setUpBrowser -->
        <test-method status="PASS" signature="TC_08_Validate_the_case_quantity_text_box_with_invalid_data_in_the_shopping_cart_page(java.util.Hashtable)[pri:0, instance:com.dollardays.testcases.AddToCartPPETestcase@4d339552]" name="TC_08_Validate_the_case_quantity_text_box_with_invalid_data_in_the_shopping_cart_page" duration-ms="16105" started-at="2020-10-04T01:43:41 EDT" data-provider="dd-dataprovider" finished-at="2020-10-04T01:43:57 EDT">
          <params>
            <param index="0">
              <value>
                <![CDATA[{TestCase=valid Login data, Password=c2FpYmFiYTE=, Runmode=Yes, SheetName=AddTOCartPPE, UserName=vidyancc@gmail.com, TCID=TC1}]]>
              </value>
            </param>
          </params>
          <reporter-output>
          </reporter-output>
        </test-method> <!-- TC_08_Validate_the_case_quantity_text_box_with_invalid_data_in_the_shopping_cart_page -->
        <test-method status="PASS" signature="quit()[pri:0, instance:com.dollardays.testcases.AddToCartPPETestcase@4d339552]" name="quit" is-config="true" duration-ms="747" started-at="2020-10-04T01:43:57 EDT" finished-at="2020-10-04T01:43:58 EDT">
          <reporter-output>
          </reporter-output>
        </test-method> <!-- quit -->
        <test-method status="PASS" signature="setUpBrowser()[pri:0, instance:com.dollardays.testcases.AddToCartPPETestcase@4d339552]" name="setUpBrowser" is-config="true" duration-ms="8056" started-at="2020-10-04T01:43:58 EDT" finished-at="2020-10-04T01:44:06 EDT">
          <reporter-output>
          </reporter-output>
        </test-method> <!-- setUpBrowser -->
        <test-method status="PASS" signature="TC_09_Validate_the_case_quantity_text_box_with_boundary_value_in_the_shopping_cart_page(java.util.Hashtable)[pri:0, instance:com.dollardays.testcases.AddToCartPPETestcase@4d339552]" name="TC_09_Validate_the_case_quantity_text_box_with_boundary_value_in_the_shopping_cart_page" duration-ms="15891" started-at="2020-10-04T01:44:06 EDT" data-provider="dd-dataprovider" finished-at="2020-10-04T01:44:22 EDT">
          <params>
            <param index="0">
              <value>
                <![CDATA[{TestCase=valid Login data, Password=c2FpYmFiYTE=, Runmode=Yes, SheetName=AddTOCartPPE, UserName=vidyancc@gmail.com, TCID=TC1}]]>
              </value>
            </param>
          </params>
          <reporter-output>
          </reporter-output>
        </test-method> <!-- TC_09_Validate_the_case_quantity_text_box_with_boundary_value_in_the_shopping_cart_page -->
        <test-method status="PASS" signature="quit()[pri:0, instance:com.dollardays.testcases.AddToCartPPETestcase@4d339552]" name="quit" is-config="true" duration-ms="799" started-at="2020-10-04T01:44:22 EDT" finished-at="2020-10-04T01:44:23 EDT">
          <reporter-output>
          </reporter-output>
        </test-method> <!-- quit -->
        <test-method status="PASS" signature="setUpBrowser()[pri:0, instance:com.dollardays.testcases.AddToCartPPETestcase@4d339552]" name="setUpBrowser" is-config="true" duration-ms="8357" started-at="2020-10-04T01:44:23 EDT" finished-at="2020-10-04T01:44:31 EDT">
          <reporter-output>
          </reporter-output>
        </test-method> <!-- setUpBrowser -->
        <test-method status="PASS" signature="TC_10_Validate_the_cart_when_the_user_signoff_and_signin_with_valid_credentials(java.util.Hashtable)[pri:0, instance:com.dollardays.testcases.AddToCartPPETestcase@4d339552]" name="TC_10_Validate_the_cart_when_the_user_signoff_and_signin_with_valid_credentials" duration-ms="16318" started-at="2020-10-04T01:44:31 EDT" data-provider="dd-dataprovider" finished-at="2020-10-04T01:44:47 EDT">
          <params>
            <param index="0">
              <value>
                <![CDATA[{TestCase=valid Login data, Password=c2FpYmFiYTE=, Runmode=Yes, SheetName=AddTOCartPPE, UserName=vidyancc@gmail.com, TCID=TC1}]]>
              </value>
            </param>
          </params>
          <reporter-output>
          </reporter-output>
        </test-method> <!-- TC_10_Validate_the_cart_when_the_user_signoff_and_signin_with_valid_credentials -->
        <test-method status="PASS" signature="quit()[pri:0, instance:com.dollardays.testcases.AddToCartPPETestcase@4d339552]" name="quit" is-config="true" duration-ms="803" started-at="2020-10-04T01:44:47 EDT" finished-at="2020-10-04T01:44:48 EDT">
          <reporter-output>
          </reporter-output>
        </test-method> <!-- quit -->
        <test-method status="PASS" signature="setUpBrowser()[pri:0, instance:com.dollardays.testcases.AddToCartPPETestcase@4d339552]" name="setUpBrowser" is-config="true" duration-ms="8169" started-at="2020-10-04T01:44:48 EDT" finished-at="2020-10-04T01:44:56 EDT">
          <reporter-output>
          </reporter-output>
        </test-method> <!-- setUpBrowser -->
        <test-method status="PASS" signature="TC_11_validate_no_of_cases_textbox_with_valid_data(java.util.Hashtable)[pri:0, instance:com.dollardays.testcases.AddToCartPPETestcase@4d339552]" name="TC_11_validate_no_of_cases_textbox_with_valid_data" duration-ms="17875" started-at="2020-10-04T01:44:56 EDT" data-provider="dd-dataprovider" finished-at="2020-10-04T01:45:14 EDT">
          <params>
            <param index="0">
              <value>
                <![CDATA[{TestCase=valid Login data, Password=c2FpYmFiYTE=, Runmode=Yes, SheetName=AddTOCartPPE, UserName=vidyancc@gmail.com, TCID=TC1}]]>
              </value>
            </param>
          </params>
          <reporter-output>
          </reporter-output>
        </test-method> <!-- TC_11_validate_no_of_cases_textbox_with_valid_data -->
        <test-method status="PASS" signature="quit()[pri:0, instance:com.dollardays.testcases.AddToCartPPETestcase@4d339552]" name="quit" is-config="true" duration-ms="782" started-at="2020-10-04T01:45:14 EDT" finished-at="2020-10-04T01:45:15 EDT">
          <reporter-output>
          </reporter-output>
        </test-method> <!-- quit -->
        <test-method status="PASS" signature="setUpBrowser()[pri:0, instance:com.dollardays.testcases.AddToCartPPETestcase@4d339552]" name="setUpBrowser" is-config="true" duration-ms="8049" started-at="2020-10-04T01:45:15 EDT" finished-at="2020-10-04T01:45:23 EDT">
          <reporter-output>
          </reporter-output>
        </test-method> <!-- setUpBrowser -->
        <test-method status="PASS" signature="TC_12_Validate_the_number_of_case_text_box_in_the_product_page(java.util.Hashtable)[pri:0, instance:com.dollardays.testcases.AddToCartPPETestcase@4d339552]" name="TC_12_Validate_the_number_of_case_text_box_in_the_product_page" duration-ms="10102" started-at="2020-10-04T01:45:23 EDT" data-provider="dd-dataprovider" finished-at="2020-10-04T01:45:33 EDT">
          <params>
            <param index="0">
              <value>
                <![CDATA[{TestCase=valid Login data, Password=c2FpYmFiYTE=, Runmode=Yes, SheetName=AddTOCartPPE, UserName=vidyancc@gmail.com, TCID=TC1}]]>
              </value>
            </param>
          </params>
          <reporter-output>
          </reporter-output>
        </test-method> <!-- TC_12_Validate_the_number_of_case_text_box_in_the_product_page -->
        <test-method status="PASS" signature="quit()[pri:0, instance:com.dollardays.testcases.AddToCartPPETestcase@4d339552]" name="quit" is-config="true" duration-ms="771" started-at="2020-10-04T01:45:33 EDT" finished-at="2020-10-04T01:45:34 EDT">
          <reporter-output>
          </reporter-output>
        </test-method> <!-- quit -->
        <test-method status="PASS" signature="setUpBrowser()[pri:0, instance:com.dollardays.testcases.AddToCartPPETestcase@4d339552]" name="setUpBrowser" is-config="true" duration-ms="8065" started-at="2020-10-04T01:45:34 EDT" finished-at="2020-10-04T01:45:42 EDT">
          <reporter-output>
          </reporter-output>
        </test-method> <!-- setUpBrowser -->
        <test-method status="PASS" signature="TC_13_validate_no_of_cases_textbox_with_zero(java.util.Hashtable)[pri:0, instance:com.dollardays.testcases.AddToCartPPETestcase@4d339552]" name="TC_13_validate_no_of_cases_textbox_with_zero" duration-ms="25459" started-at="2020-10-04T01:45:42 EDT" data-provider="dd-dataprovider" finished-at="2020-10-04T01:46:07 EDT">
          <params>
            <param index="0">
              <value>
                <![CDATA[{TestCase=valid Login data, Password=c2FpYmFiYTE=, Runmode=Yes, SheetName=AddTOCartPPE, UserName=vidyancc@gmail.com, TCID=TC1}]]>
              </value>
            </param>
          </params>
          <reporter-output>
          </reporter-output>
        </test-method> <!-- TC_13_validate_no_of_cases_textbox_with_zero -->
        <test-method status="PASS" signature="quit()[pri:0, instance:com.dollardays.testcases.AddToCartPPETestcase@4d339552]" name="quit" is-config="true" duration-ms="917" started-at="2020-10-04T01:46:07 EDT" finished-at="2020-10-04T01:46:08 EDT">
          <reporter-output>
          </reporter-output>
        </test-method> <!-- quit -->
        <test-method status="PASS" signature="setUpBrowser()[pri:0, instance:com.dollardays.testcases.AddToCartPPETestcase@4d339552]" name="setUpBrowser" is-config="true" duration-ms="8201" started-at="2020-10-04T01:46:08 EDT" finished-at="2020-10-04T01:46:17 EDT">
          <reporter-output>
          </reporter-output>
        </test-method> <!-- setUpBrowser -->
        <test-method status="PASS" signature="TC_14_validate_no_of_cases_textbox_with_character(java.util.Hashtable)[pri:0, instance:com.dollardays.testcases.AddToCartPPETestcase@4d339552]" name="TC_14_validate_no_of_cases_textbox_with_character" duration-ms="22509" started-at="2020-10-04T01:46:17 EDT" data-provider="dd-dataprovider" finished-at="2020-10-04T01:46:39 EDT">
          <params>
            <param index="0">
              <value>
                <![CDATA[{TestCase=valid Login data, Password=c2FpYmFiYTE=, Runmode=Yes, SheetName=AddTOCartPPE, UserName=vidyancc@gmail.com, TCID=TC1}]]>
              </value>
            </param>
          </params>
          <reporter-output>
          </reporter-output>
        </test-method> <!-- TC_14_validate_no_of_cases_textbox_with_character -->
        <test-method status="PASS" signature="quit()[pri:0, instance:com.dollardays.testcases.AddToCartPPETestcase@4d339552]" name="quit" is-config="true" duration-ms="789" started-at="2020-10-04T01:46:39 EDT" finished-at="2020-10-04T01:46:40 EDT">
          <reporter-output>
          </reporter-output>
        </test-method> <!-- quit -->
        <test-method status="PASS" signature="afterClass()[pri:0, instance:com.dollardays.testcases.AddToCartPPETestcase@4d339552]" name="afterClass" is-config="true" duration-ms="0" started-at="2020-10-04T01:46:40 EDT" finished-at="2020-10-04T01:46:40 EDT">
          <reporter-output>
          </reporter-output>
        </test-method> <!-- afterClass -->
      </class> <!-- com.dollardays.testcases.AddToCartPPETestcase -->
    </test> <!-- Dollar Days Test -->
  </suite> <!-- Parallel Class Runs -->
</testng-results>
